# run initiated by 636f9d5517fa4cc0bb9cec4e36690581 atMon Jul 29 23:29:50 2019
# run initiated with command: ./atm -o 31.788_coscolat0.85 -s 18.195_coscolat0.95 -B 14.059328316113758 -T 6.464978136411643 -b 17.216753926729076 -m 11 -p 5 -a 1.5 -M 2 -D 5 
#
# atm run-time parameters are
# 
#  -o  output file base name                    31.788_coscolat0.85
#  -i  input spectral file name                 <none>
#  -s  seed solution base file name             18.195_coscolat0.95
# 
#  -g  log surface gravity of star              14.384800 cm/s^2
#  -T  log effective atmospheric temperature    6.464978 K
#      conserved net (astrophysical) flux       1.307121e+21 ergs/cm^2
#  -B  log magnetic field strength              14.059328 G
#  -b  magnetic field inclination cos(theta)    0.955192
# 
#  -X  hydrogen mass fraction                   1.000000
#  -Y  helium mass fraction                     0.000000
# 
#  -a  log E_max (keV)                          1.500
#  -n  coarse frequency mesh points             24
#  -m  angle (LOS-normal) mesh points           11
#  -p  azimuthal mesh points                    5
#      (total of 55 trajectories used)
#  -d  minimum (surface) mass index             -5.00
#  -D  maximum (depth) mass index               5.00
#      logarithmic mass depth intervals         0
#      (using 10 intervals per decade)
# 
#
# gravitational redshift Z table
# surface gravity log(g_s) = 14.384800  (g_s=2.425493e+14 cm/s^2)
#	Z		M (M_sol)	R (km)		log(gs)
#
#	0.143999	0.399414	5.000000	14.384800
#	0.305648	1.399855	10.000000	14.384800
#	0.483637	2.771814	15.000000	14.384800
#	0.676110	4.361810	20.000000	14.384800
#	0.446816	2.476008	14.000000	14.384800
#
#	0.133613	0.350000	4.659206	14.384800
#	0.199509	0.700000	6.777916	14.384800
#	0.255078	1.050000	8.491324	14.384800
#	0.305668	1.400000	10.000596	14.384800
#	0.353325	1.750000	11.383229	14.384800
#	0.399083	2.100000	12.678763	14.384800
#	0.443551	2.450000	13.910558	14.384800
#	0.487119	2.800000	15.093754	14.384800
#
#	0.449823	2.500000	14.082279	14.384800
#
# machine information:
# Linux 879bfbccfb63 4.15.0-55-generic #60-Ubuntu SMP Tue Jul 2 18:22:20 UTC 2019 x86_64 x86_64 x86_64 GNU/Linux
#
# pid 11842
#
#
# run-time activity
#
LogmMeshEvenSpacedinLog     		 No
TInterpExtendSurface        		Yes
UseSurfaceTruncation        		 No
UseFeaturelessMesh          		 No
ProvideOpticalCoverage      		 No
UseFixedLogEBounds          		Yes
IgnoreVacuumParameter       		Yes
IgnoreLongPolzComp          		 No
UseProtonScattering         		 No
UseScattering               		Yes
UseBoundFree                		 No
IgnoreCyclotronLines        		 No
PureElectronPlasma          		 No
UseGauntCorrections         		Yes
UseGauntTDerivs             		Yes
NegateModeCrossing          		 No
FiniteSurfaceCorrection     		 No
HermiteDifferencing         		 No
PertFixUnphysicalDeltas     		 No
PertFixLargeDeltas          		Yes
PertFormalAfterLimitedT     		Yes
ReportsOnCLEntry            		 No
IncrementalReporting        		 No
CheckContractionByFormal    		 No
StartLucyUnsold             		 No
SkipLargerOutputFiles       		Yes
RejectUndefCLParms          		Yes
UseAdaptiveMassMesh         		 No
MagDiffusionLimit           		Yes
UseCoulombCorrection        		Yes
PermitOptRedist             		Yes
UseGreyStructure            		 No
# magnetic free-free gaunt factor tables computed in 0.57 sec
# 
# linearization operator size =   76088448 bytes/depth
# linearization oper file req = 6847960320 bytes
#
# allocations completed at                       Mon Jul 29 23:29:51 2019
# plasma opacities computed in 25.11 sec
# computing formal solution from trial structure atMon Jul 29 23:30:16 2019
computing formal transfer solution
processing 28 energies:
  1	1.303847e-02 keV
  2	2.524480e-02 keV
  3	4.426077e-02 keV
  4	6.573583e-02 keV
  5	8.475180e-02 keV
  6	9.695813e-02 keV
  7	1.381944e-01 keV
  8	2.815497e-01 keV
  9	4.685883e-01 keV
 10	6.119436e-01 keV
 11	6.601723e-01 keV
 12	6.978195e-01 keV
 13	7.469385e-01 keV
 14	7.845857e-01 keV
 15	8.380129e-01 keV
 16	9.565730e-01 keV
 17	1.303847e+00 keV
 18	2.524480e+00 keV
 19	4.426077e+00 keV
 20	6.573583e+00 keV
 21	8.475180e+00 keV
 22	9.695813e+00 keV
 23	1.072977e+01 keV
 24	1.366237e+01 keV
 25	1.823102e+01 keV
 26	2.339047e+01 keV
 27	2.795911e+01 keV
 28	3.089172e+01 keV
# entering cl's iterative loop at                Mon Jul 29 23:30:53 2019
# pass 1 computed in 938.15 sec                  Mon Jul 29 23:46:37 2019
# plasma opacities computed in 25.02 sec
# pass 2 computed in 941.79 sec                  Tue Jul 30 00:03:35 2019
# plasma opacities computed in 26.01 sec
# pass 3 computed in 954.94 sec                  Tue Jul 30 00:20:48 2019
# plasma opacities computed in 25.17 sec
# pass 4 computed in 947.82 sec                  Tue Jul 30 00:37:58 2019
# plasma opacities computed in 24.66 sec
# pass 5 computed in 929.70 sec                  Tue Jul 30 00:54:51 2019
# plasma opacities computed in 25.52 sec
# pass 6 computed in 927.88 sec                  Tue Jul 30 01:11:45 2019
# plasma opacities computed in 24.62 sec
# pass 7 computed in 926.98 sec                  Tue Jul 30 01:28:41 2019
# plasma opacities computed in 24.60 sec
# computing optical depth table at               Tue Jul 30 01:29:24 2019
# optical depth table computed in 0.01 sec       Tue Jul 30 01:29:24 2019
# run completed at                               Tue Jul 30 01:29:26 2019
# elapsed time is 119.60 min
